[2022-09-07T18:40:17.008] [ERROR] custom - newProduct is not defined
[2022-09-07T18:40:38.705] [ERROR] custom - newProduct is not defined
[2022-09-07T18:40:52.063] [ERROR] custom - newProduct is not defined
[2022-09-07T18:41:21.099] [ERROR] custom - newProduct is not defined
[2022-09-07T18:42:01.910] [ERROR] custom - this.getAll is not a function
[2022-09-07T18:42:29.907] [ERROR] custom - this.getAll is not a function
[2022-09-07T18:42:48.025] [ERROR] custom - Cannot read properties of undefined (reading 'length')
[2022-09-07T18:43:36.317] [ERROR] custom - Cannot read properties of undefined (reading 'length')
[2022-09-07T18:45:03.164] [ERROR] custom - Cannot read properties of undefined (reading 'length')
[2022-09-07T18:45:44.826] [ERROR] custom - Cannot read properties of undefined (reading 'push')
[2022-09-07T18:46:57.480] [ERROR] custom - Cannot read properties of undefined (reading 'push')
[2022-09-08T16:07:30.306] [ERROR] custom - getAll is not defined
[2022-09-08T16:07:39.916] [ERROR] custom - getAll is not defined
[2022-09-08T16:08:31.522] [ERROR] custom - getAll is not defined
[2022-09-08T16:09:46.966] [ERROR] custom - getAll is not defined
[2022-09-08T16:10:48.492] [ERROR] custom - getAll is not defined
[2022-09-08T16:11:45.839] [ERROR] custom - getAll is not defined
[2022-09-08T16:12:42.767] [ERROR] custom - getAll is not defined
[2022-09-08T16:13:27.270] [ERROR] custom - getAll is not defined
[2022-09-08T16:14:29.740] [ERROR] custom - saveFile is not defined
[2022-09-15T15:30:14.957] [ERROR] custom - Cannot read properties of undefined (reading 'length')
[2022-09-15T15:31:00.429] [ERROR] custom - Cannot read properties of undefined (reading 'length')
[2022-09-15T15:58:53.138] [ERROR] custom - Cannot read properties of undefined (reading 'saveProduct')
[2022-09-15T15:59:23.447] [ERROR] custom - Cannot read properties of undefined (reading 'saveProduct')
